  ShaderProgram.cpp
d:\proiecte\3d\projects\_github\simple3d\simple3d\src\gfx\shaderprogram.h(7): fatal error C1083: Cannot open include file: 'GL\glew.h': No such file or directory
  Renderer.cpp
d:\proiecte\3d\projects\_github\simple3d\simple3d\src\gfx\renderer.h(4): fatal error C1083: Cannot open include file: 'GL\glew.h': No such file or directory
  SpotLight.cpp
d:\proiecte\3d\projects\_github\simple3d\simple3d\src\gfx\3d\lighting\spotlight.h(6): fatal error C1083: Cannot open include file: 'GL/glew.h': No such file or directory
  PointLight.cpp
d:\proiecte\3d\projects\_github\simple3d\simple3d\src\gfx\3d\lighting\pointlight.h(6): fatal error C1083: Cannot open include file: 'GL/glew.h': No such file or directory
  LightingManager.cpp
d:\proiecte\3d\projects\_github\simple3d\simple3d\src\gfx\3d\lighting\lightingmanager.h(6): fatal error C1083: Cannot open include file: 'gl/glew.h': No such file or directory
  DirectionalLight.cpp
d:\proiecte\3d\projects\_github\simple3d\simple3d\src\gfx\3d\lighting\directionallight.h(6): fatal error C1083: Cannot open include file: 'GL/glew.h': No such file or directory
  Model.cpp
d:\proiecte\3d\projects\_github\simple3d\simple3d\src\gfx\3d\model.h(6): fatal error C1083: Cannot open include file: 'GL/glew.h': No such file or directory
  Mesh.cpp
d:\proiecte\3d\projects\_github\simple3d\simple3d\src\gfx\3d\mesh.h(6): fatal error C1083: Cannot open include file: 'GL/glew.h': No such file or directory
  Camera.cpp
d:\proiecte\3d\projects\_github\simple3d\simple3d\src\gfx\3d\camera.h(6): fatal error C1083: Cannot open include file: 'GL/glew.h': No such file or directory
  Window.cpp
d:\proiecte\3d\projects\_github\simple3d\simple3d\src\window.h(4): fatal error C1083: Cannot open include file: 'GL/glew.h': No such file or directory
  JoystickManager.cpp
d:\proiecte\3d\projects\_github\simple3d\simple3d\src\joystickmanager.h(3): fatal error C1083: Cannot open include file: 'GLFW/glfw3.h': No such file or directory
  Source.cpp
d:\proiecte\3d\projects\_github\simple3d\simple3d\simple3d.h(6): fatal error C1083: Cannot open include file: 'GL/glew.h': No such file or directory
  Generating Code...
